<?xml version="1.0" encoding="UTF-8"?>
<!-- Generated by org.testng.reporters.JUnitReportReporter -->
<testsuite hostname="DESKTOP-VK87GJ1" failures="0" tests="5" name="testCases.TS001AccountRegistration" time="23.654" errors="0" timestamp="2025-07-10T00:37:08 IST" skipped="0">
  <testcase classname="testCases.TS001AccountRegistration" name="TC001_EnterMandatoryField" time="4.634"/>
  <testcase classname="testCases.TS001AccountRegistration" name="TC001_EnterMandatoryField" time="5.257"/>
  <testcase classname="testCases.TS001AccountRegistration" name="TC001_EnterMandatoryField" time="3.770"/>
  <testcase classname="testCases.TS001AccountRegistration" name="TC001_EnterMandatoryField" time="3.519"/>
  <testcase classname="testCases.TS001AccountRegistration" name="TC001_EnterMandatoryField" time="6.474"/>
</testsuite> <!-- testCases.TS001AccountRegistration -->
