<?xml version="1.0" encoding="UTF-8"?>
<!-- Generated by org.testng.reporters.JUnitReportReporter -->
<testsuite hostname="DESKTOP-VK87GJ1" failures="0" tests="4" name="testCases.TC003_LoginTest_DDT" time="17.194" errors="0" timestamp="2025-07-10T17:46:17 IST" skipped="0">
  <testcase classname="testCases.TC003_LoginTest_DDT" name="verify_Login" time="5.467"/>
  <testcase classname="testCases.TC003_LoginTest_DDT" name="verify_Login" time="2.625"/>
  <testcase classname="testCases.TC003_LoginTest_DDT" name="verify_Login" time="2.318"/>
  <testcase classname="testCases.TC003_LoginTest_DDT" name="verify_Login" time="6.784"/>
</testsuite> <!-- testCases.TC003_LoginTest_DDT -->
