<?xml version="1.0" encoding="UTF-8"?>
<!-- Generated by org.testng.reporters.JUnitReportReporter -->
<testsuite hostname="DESKTOP-VK87GJ1" failures="0" tests="3" name="testCases.TC002_AccountRegistrationTest" time="0.040" errors="0" timestamp="2025-07-10T11:46:45 IST" skipped="0">
  <testcase classname="testCases.TC002_AccountRegistrationTest" name="TC001_EnterMandatoryField" time="0.012"/>
  <testcase classname="testCases.TC002_AccountRegistrationTest" name="TC001_EnterMandatoryField" time="0.004"/>
  <testcase classname="testCases.TC002_AccountRegistrationTest" name="TC001_EnterMandatoryField" time="0.024"/>
</testsuite> <!-- testCases.TC002_AccountRegistrationTest -->
