<?xml version="1.0" encoding="UTF-8"?>
<!-- Generated by org.testng.reporters.JUnitReportReporter -->
<testsuite hostname="DESKTOP-VK87GJ1" failures="0" tests="3" name="testCases.TC002_LoginTest" time="8.340" errors="0" timestamp="2025-07-10T15:18:37 IST" skipped="0">
  <testcase classname="testCases.TC002_LoginTest" name="loginValidData" time="3.013"/>
  <testcase classname="testCases.TC002_LoginTest" name="loginValidData" time="2.686"/>
  <testcase classname="testCases.TC002_LoginTest" name="loginValidData" time="2.641"/>
</testsuite> <!-- testCases.TC002_LoginTest -->
