<?xml version="1.0" encoding="UTF-8"?>
<!-- Generated by org.testng.reporters.JUnitReportReporter -->
<testsuite hostname="DESKTOP-VK87GJ1" failures="0" tests="3" name="testCases.TC001_AccountRegistrationTest" time="15.191" errors="0" timestamp="2025-07-10T15:16:24 IST" skipped="0">
  <testcase classname="testCases.TC001_AccountRegistrationTest" name="TC001_EnterMandatoryField" time="4.754"/>
  <testcase classname="testCases.TC001_AccountRegistrationTest" name="TC001_EnterMandatoryField" time="3.458"/>
  <testcase classname="testCases.TC001_AccountRegistrationTest" name="TC001_EnterMandatoryField" time="6.979"/>
</testsuite> <!-- testCases.TC001_AccountRegistrationTest -->
