<?xml version="1.0" encoding="UTF-8"?>
<!-- Generated by org.testng.reporters.JUnitReportReporter -->
<testsuite hostname="DESKTOP-VK87GJ1" failures="0" tests="1" name="testCases.LoginTest" time="0.022" errors="0" timestamp="2025-07-09T22:49:40 IST" skipped="0">
  <testcase classname="testCases.LoginTest" name="setup" time="0.022"/>
</testsuite> <!-- testCases.LoginTest -->
