<?xml version="1.0" encoding="UTF-8"?>
<!-- Generated by org.testng.reporters.JUnitReportReporter -->
<testsuite hostname="DESKTOP-VK87GJ1" failures="0" tests="1" name="testCases.TC002_LoginTest" time="2.829" errors="0" timestamp="2025-07-10T21:03:47 IST" skipped="0">
  <testcase classname="testCases.TC002_LoginTest" name="verify_Login" time="2.829"/>
</testsuite> <!-- testCases.TC002_LoginTest -->
