<?xml version="1.0" encoding="UTF-8"?>
<!-- Generated by org.testng.reporters.JUnitReportReporter -->
<testsuite hostname="DESKTOP-VK87GJ1" failures="0" tests="1" name="testCases.TC001_AccountRegistrationTest" time="5.586" errors="0" timestamp="2025-07-10T21:03:47 IST" skipped="0">
  <testcase classname="testCases.TC001_AccountRegistrationTest" name="TC001_EnterMandatoryField" time="5.586"/>
</testsuite> <!-- testCases.TC001_AccountRegistrationTest -->
